app/build/intermediates/manifest_merge_blame_file/release/processReleaseMainManifest/manifest-merger-blame-release-report.txt
1<?xml version="1.0" encoding="utf-8"?>
2<manifest xmlns:android="http://schemas.android.com/apk/res/android"
3    package="com.example.hello" >
4
5    <uses-sdk
6        android:minSdkVersion="34"
7        android:targetSdkVersion="34" />
8
9    <permission
9-->[androidx.core:core:1.13.1] AndroidManifest.xml:22:5-24:47
10        android:name="com.example.hello.DYNAMIC_RECEIVER_NOT_EXPORTED_PERMISSION"
10-->[androidx.core:core:1.13.1] AndroidManifest.xml:23:9-81
11        android:protectionLevel="signature" />
11-->[androidx.core:core:1.13.1] AndroidManifest.xml:24:9-44
12
13    <uses-permission android:name="com.example.hello.DYNAMIC_RECEIVER_NOT_EXPORTED_PERMISSION" />
13-->[androidx.core:core:1.13.1] AndroidManifest.xml:26:5-97
13-->[androidx.core:core:1.13.1] AndroidManifest.xml:26:22-94
14
15    <application
15-->src/main/AndroidManifest.xml:3:3-12:17
16        android:appComponentFactory="androidx.core.app.CoreComponentFactory"
16-->[androidx.core:core:1.13.1] AndroidManifest.xml:28:18-86
17        android:extractNativeLibs="false" >
18        <activity
18-->src/main/AndroidManifest.xml:4:5-11:16
19            android:name="com.example.hello.MainActivity"
19-->src/main/AndroidManifest.xml:5:7-35
20            android:exported="true" >
20-->src/main/AndroidManifest.xml:6:7-30
21            <intent-filter>
21-->src/main/AndroidManifest.xml:7:7-10:23
22                <action android:name="android.intent.action.MAIN" />
22-->src/main/AndroidManifest.xml:8:9-61
22-->src/main/AndroidManifest.xml:8:17-58
23
24                <category android:name="android.intent.category.LAUNCHER" />
24-->src/main/AndroidManifest.xml:9:9-69
24-->src/main/AndroidManifest.xml:9:19-66
25            </intent-filter>
26        </activity>
27
28        <provider
28-->[androidx.profileinstaller:profileinstaller:1.3.1] AndroidManifest.xml:24:9-32:20
29            android:name="androidx.startup.InitializationProvider"
29-->[androidx.profileinstaller:profileinstaller:1.3.1] AndroidManifest.xml:25:13-67
30            android:authorities="com.example.hello.androidx-startup"
30-->[androidx.profileinstaller:profileinstaller:1.3.1] AndroidManifest.xml:26:13-68
31            android:exported="false" >
31-->[androidx.profileinstaller:profileinstaller:1.3.1] AndroidManifest.xml:27:13-37
32            <meta-data
32-->[androidx.profileinstaller:profileinstaller:1.3.1] AndroidManifest.xml:29:13-31:52
33                android:name="androidx.profileinstaller.ProfileInstallerInitializer"
33-->[androidx.profileinstaller:profileinstaller:1.3.1] AndroidManifest.xml:30:17-85
34                android:value="androidx.startup" />
34-->[androidx.profileinstaller:profileinstaller:1.3.1] AndroidManifest.xml:31:17-49
35        </provider>
36
37        <receiver
37-->[androidx.profileinstaller:profileinstaller:1.3.1] AndroidManifest.xml:34:9-52:20
38            android:name="androidx.profileinstaller.ProfileInstallReceiver"
38-->[androidx.profileinstaller:profileinstaller:1.3.1] AndroidManifest.xml:35:13-76
39            android:directBootAware="false"
39-->[androidx.profileinstaller:profileinstaller:1.3.1] AndroidManifest.xml:36:13-44
40            android:enabled="true"
40-->[androidx.profileinstaller:profileinstaller:1.3.1] AndroidManifest.xml:37:13-35
41            android:exported="true"
41-->[androidx.profileinstaller:profileinstaller:1.3.1] AndroidManifest.xml:38:13-36
42            android:permission="android.permission.DUMP" >
42-->[androidx.profileinstaller:profileinstaller:1.3.1] AndroidManifest.xml:39:13-57
43            <intent-filter>
43-->[androidx.profileinstaller:profileinstaller:1.3.1] AndroidManifest.xml:40:13-42:29
44                <action android:name="androidx.profileinstaller.action.INSTALL_PROFILE" />
44-->[androidx.profileinstaller:profileinstaller:1.3.1] AndroidManifest.xml:41:17-91
44-->[androidx.profileinstaller:profileinstaller:1.3.1] AndroidManifest.xml:41:25-88
45            </intent-filter>
46            <intent-filter>
46-->[androidx.profileinstaller:profileinstaller:1.3.1] AndroidManifest.xml:43:13-45:29
47                <action android:name="androidx.profileinstaller.action.SKIP_FILE" />
47-->[androidx.profileinstaller:profileinstaller:1.3.1] AndroidManifest.xml:44:17-85
47-->[androidx.profileinstaller:profileinstaller:1.3.1] AndroidManifest.xml:44:25-82
48            </intent-filter>
49            <intent-filter>
49-->[androidx.profileinstaller:profileinstaller:1.3.1] AndroidManifest.xml:46:13-48:29
50                <action android:name="androidx.profileinstaller.action.SAVE_PROFILE" />
50-->[androidx.profileinstaller:profileinstaller:1.3.1] AndroidManifest.xml:47:17-88
50-->[androidx.profileinstaller:profileinstaller:1.3.1] AndroidManifest.xml:47:25-85
51            </intent-filter>
52            <intent-filter>
52-->[androidx.profileinstaller:profileinstaller:1.3.1] AndroidManifest.xml:49:13-51:29
53                <action android:name="androidx.profileinstaller.action.BENCHMARK_OPERATION" />
53-->[androidx.profileinstaller:profileinstaller:1.3.1] AndroidManifest.xml:50:17-95
53-->[androidx.profileinstaller:profileinstaller:1.3.1] AndroidManifest.xml:50:25-92
54            </intent-filter>
55        </receiver>
56    </application>
57
58</manifest>